<?xml version="1.0" encoding="UTF-8" standalone="no"?>
<!DOCTYPE log SYSTEM "logger.dtd">
<log>
<record>
  <date>2019-05-16T17:49:54</date>
  <millis>1558009194024</millis>
  <sequence>0</sequence>
  <level>START</level>
  <class>com.kms.katalon.core.logging.XmlKeywordLogger</class>
  <method>startSuite</method>
  <thread>1</thread>
  <message>Start Test Suite : Test Suites/GmailLogin</message>
  <nestedLevel>0</nestedLevel>
  <property name="name">GmailLogin</property>
  <property name="description"></property>
  <property name="id">Test Suites/GmailLogin</property>
</record>
<record>
  <date>2019-05-16T17:49:54</date>
  <millis>1558009194055</millis>
  <sequence>1</sequence>
  <level>RUN_DATA</level>
  <class>com.kms.katalon.core.logging.XmlKeywordLogger</class>
  <method>logMessage</method>
  <thread>1</thread>
  <message>hostName = Group10 - G10PROLT020</message>
  <nestedLevel>0</nestedLevel>
  <property name="hostName">Group10 - G10PROLT020</property>
</record>
<record>
  <date>2019-05-16T17:49:54</date>
  <millis>1558009194057</millis>
  <sequence>2</sequence>
  <level>RUN_DATA</level>
  <class>com.kms.katalon.core.logging.XmlKeywordLogger</class>
  <method>logMessage</method>
  <thread>1</thread>
  <message>os = Windows 10 64bit</message>
  <nestedLevel>0</nestedLevel>
  <property name="os">Windows 10 64bit</property>
</record>
<record>
  <date>2019-05-16T17:49:54</date>
  <millis>1558009194059</millis>
  <sequence>3</sequence>
  <level>RUN_DATA</level>
  <class>com.kms.katalon.core.logging.XmlKeywordLogger</class>
  <method>logMessage</method>
  <thread>1</thread>
  <message>hostAddress = 192.168.1.26</message>
  <nestedLevel>0</nestedLevel>
  <property name="hostAddress">192.168.1.26</property>
</record>
<record>
  <date>2019-05-16T17:49:54</date>
  <millis>1558009194061</millis>
  <sequence>4</sequence>
  <level>RUN_DATA</level>
  <class>com.kms.katalon.core.logging.XmlKeywordLogger</class>
  <method>logMessage</method>
  <thread>1</thread>
  <message>katalonVersion = 6.1.5.3</message>
  <nestedLevel>0</nestedLevel>
  <property name="katalonVersion">6.1.5.3</property>
</record>
<record>
  <date>2019-05-16T17:49:54</date>
  <millis>1558009194687</millis>
  <sequence>5</sequence>
  <level>START</level>
  <class>com.kms.katalon.core.logging.XmlKeywordLogger</class>
  <method>startTest</method>
  <thread>1</thread>
  <message>Start Test Case : Test Cases/TC_gmail_login</message>
  <nestedLevel>1</nestedLevel>
  <property name="name">Test Cases/TC_gmail_login</property>
  <property name="description"></property>
  <property name="id">Test Cases/TC_gmail_login</property>
  <property name="source">G:\\Katalon Repository\\gmail_login\\Test Cases\\TC_gmail_login.tc</property>
  <property name="tag"></property>
  <property name="isOptional">false</property>
</record>
<record>
  <date>2019-05-16T17:49:55</date>
  <millis>1558009195425</millis>
  <sequence>7</sequence>
  <level>START</level>
  <class>com.kms.katalon.core.logging.XmlKeywordLogger</class>
  <method>startKeyword</method>
  <thread>1</thread>
  <message>Start action : runWithCucumberRunner(gmail_Login_Runner)</message>
  <nestedLevel>1</nestedLevel>
  <property name="startLine">22</property>
  <property name="stepIndex">1</property>
</record>
<record>
  <date>2019-05-16T17:49:57</date>
  <millis>1558009197081</millis>
  <sequence>9</sequence>
  <level>INFO</level>
  <class>com.kms.katalon.core.logging.XmlKeywordLogger</class>
  <method>logMessage</method>
  <thread>1</thread>
  <message>Starting &amp;apos;Chrome&amp;apos; driver</message>
  <nestedLevel>1</nestedLevel>
</record>
<record>
  <date>2019-05-16T17:49:57</date>
  <millis>1558009197162</millis>
  <sequence>10</sequence>
  <level>INFO</level>
  <class>com.kms.katalon.core.logging.XmlKeywordLogger</class>
  <method>logMessage</method>
  <thread>1</thread>
  <message>Action delay is set to 0 seconds</message>
  <nestedLevel>1</nestedLevel>
</record>
<record>
  <date>2019-05-16T17:50:01</date>
  <millis>1558009201611</millis>
  <sequence>12</sequence>
  <level>RUN_DATA</level>
  <class>com.kms.katalon.core.logging.XmlKeywordLogger</class>
  <method>logMessage</method>
  <thread>1</thread>
  <message>sessionId = 8a4b4aa5408e6fc59156e3d5b6d93e87</message>
  <nestedLevel>1</nestedLevel>
  <property name="sessionId">8a4b4aa5408e6fc59156e3d5b6d93e87</property>
</record>
<record>
  <date>2019-05-16T17:50:01</date>
  <millis>1558009201657</millis>
  <sequence>13</sequence>
  <level>RUN_DATA</level>
  <class>com.kms.katalon.core.logging.XmlKeywordLogger</class>
  <method>logMessage</method>
  <thread>1</thread>
  <message>browser = Chrome 74.0.3729.131</message>
  <nestedLevel>1</nestedLevel>
  <property name="browser">Chrome 74.0.3729.131</property>
</record>
<record>
  <date>2019-05-16T17:50:01</date>
  <millis>1558009201658</millis>
  <sequence>14</sequence>
  <level>RUN_DATA</level>
  <class>com.kms.katalon.core.logging.XmlKeywordLogger</class>
  <method>logMessage</method>
  <thread>1</thread>
  <message>platform = Windows 10</message>
  <nestedLevel>1</nestedLevel>
  <property name="platform">Windows 10</property>
</record>
<record>
  <date>2019-05-16T17:50:01</date>
  <millis>1558009201661</millis>
  <sequence>15</sequence>
  <level>RUN_DATA</level>
  <class>com.kms.katalon.core.logging.XmlKeywordLogger</class>
  <method>logMessage</method>
  <thread>1</thread>
  <message>seleniumVersion = 3.7.1</message>
  <nestedLevel>1</nestedLevel>
  <property name="seleniumVersion">3.7.1</property>
</record>
<record>
  <date>2019-05-16T17:50:01</date>
  <millis>1558009201662</millis>
  <sequence>16</sequence>
  <level>RUN_DATA</level>
  <class>com.kms.katalon.core.logging.XmlKeywordLogger</class>
  <method>logMessage</method>
  <thread>1</thread>
  <message>proxyInformation = ProxyInformation{proxyOption=NO_PROXY, proxyServerType=HTTP, password=, proxyServerAddress=, proxyServerPort=0}</message>
  <nestedLevel>1</nestedLevel>
  <property name="proxyInformation">ProxyInformation{proxyOption=NO_PROXY, proxyServerType=HTTP, password=, proxyServerAddress=, proxyServerPort=0}</property>
</record>
<record>
  <date>2019-05-16T17:50:01</date>
  <millis>1558009201663</millis>
  <sequence>17</sequence>
  <level>PASSED</level>
  <class>com.kms.katalon.core.logging.XmlKeywordLogger</class>
  <method>logMessage</method>
  <thread>1</thread>
  <message>Browser is opened with url: &amp;apos;&amp;apos;</message>
  <nestedLevel>1</nestedLevel>
</record>
<record>
  <date>2019-05-16T17:50:03</date>
  <millis>1558009203008</millis>
  <sequence>19</sequence>
  <level>PASSED</level>
  <class>com.kms.katalon.core.logging.XmlKeywordLogger</class>
  <method>logMessage</method>
  <thread>1</thread>
  <message>Current window maximized</message>
  <nestedLevel>1</nestedLevel>
</record>
<record>
  <date>2019-05-16T17:50:06</date>
  <millis>1558009206116</millis>
  <sequence>22</sequence>
  <level>PASSED</level>
  <class>com.kms.katalon.core.logging.XmlKeywordLogger</class>
  <method>logMessage</method>
  <thread>1</thread>
  <message>Navigate to &amp;apos;https://accounts.google.com/ServiceLogin#identifier&amp;apos; successfully</message>
  <nestedLevel>1</nestedLevel>
</record>
<record>
  <date>2019-05-16T17:50:08</date>
  <millis>1558009208139</millis>
  <sequence>24</sequence>
  <level>PASSED</level>
  <class>com.kms.katalon.core.logging.XmlKeywordLogger</class>
  <method>logMessage</method>
  <thread>1</thread>
  <message>Delayed 2 second(s)</message>
  <nestedLevel>1</nestedLevel>
</record>
<record>
  <date>2019-05-16T17:50:08</date>
  <millis>1558009208561</millis>
  <sequence>33</sequence>
  <level>PASSED</level>
  <class>com.kms.katalon.core.logging.XmlKeywordLogger</class>
  <method>logMessage</method>
  <thread>1</thread>
  <message>Text &amp;apos;testkatalon108@gmail.com&amp;apos; is set on object &amp;apos;Object Repository/Page_Sign in  Google accounts/input_userid&amp;apos;</message>
  <nestedLevel>1</nestedLevel>
</record>
<record>
  <date>2019-05-16T17:50:10</date>
  <millis>1558009210565</millis>
  <sequence>35</sequence>
  <level>PASSED</level>
  <class>com.kms.katalon.core.logging.XmlKeywordLogger</class>
  <method>logMessage</method>
  <thread>1</thread>
  <message>Delayed 2 second(s)</message>
  <nestedLevel>1</nestedLevel>
</record>
<record>
  <date>2019-05-16T17:50:11</date>
  <millis>1558009211087</millis>
  <sequence>42</sequence>
  <level>PASSED</level>
  <class>com.kms.katalon.core.logging.XmlKeywordLogger</class>
  <method>logMessage</method>
  <thread>1</thread>
  <message>Object: &amp;apos;Object Repository/Page_Sign in  Google accounts/content_Next_username&amp;apos; is clicked on</message>
  <nestedLevel>1</nestedLevel>
</record>
<record>
  <date>2019-05-16T17:50:13</date>
  <millis>1558009213091</millis>
  <sequence>44</sequence>
  <level>PASSED</level>
  <class>com.kms.katalon.core.logging.XmlKeywordLogger</class>
  <method>logMessage</method>
  <thread>1</thread>
  <message>Delayed 2 second(s)</message>
  <nestedLevel>1</nestedLevel>
</record>
<record>
  <date>2019-05-16T17:50:13</date>
  <millis>1558009213293</millis>
  <sequence>53</sequence>
  <level>PASSED</level>
  <class>com.kms.katalon.core.logging.XmlKeywordLogger</class>
  <method>logMessage</method>
  <thread>1</thread>
  <message>Text &amp;apos;Abcd@123&amp;apos; is set on object &amp;apos;Object Repository/Page_Sign in  Google accounts/input_password&amp;apos;</message>
  <nestedLevel>1</nestedLevel>
</record>
<record>
  <date>2019-05-16T17:50:15</date>
  <millis>1558009215300</millis>
  <sequence>55</sequence>
  <level>PASSED</level>
  <class>com.kms.katalon.core.logging.XmlKeywordLogger</class>
  <method>logMessage</method>
  <thread>1</thread>
  <message>Delayed 2 second(s)</message>
  <nestedLevel>1</nestedLevel>
</record>
<record>
  <date>2019-05-16T17:50:15</date>
  <millis>1558009215539</millis>
  <sequence>62</sequence>
  <level>PASSED</level>
  <class>com.kms.katalon.core.logging.XmlKeywordLogger</class>
  <method>logMessage</method>
  <thread>1</thread>
  <message>Object: &amp;apos;Object Repository/Page_Sign in  Google accounts/content_Next&amp;apos; is clicked on</message>
  <nestedLevel>1</nestedLevel>
</record>
<record>
  <date>2019-05-16T17:50:23</date>
  <millis>1558009223543</millis>
  <sequence>64</sequence>
  <level>PASSED</level>
  <class>com.kms.katalon.core.logging.XmlKeywordLogger</class>
  <method>logMessage</method>
  <thread>1</thread>
  <message>Delayed 8 second(s)</message>
  <nestedLevel>1</nestedLevel>
</record>
<record>
  <date>2019-05-16T17:50:23</date>
  <millis>1558009223579</millis>
  <sequence>65</sequence>
  <level>PASSED</level>
  <class>com.kms.katalon.core.logging.XmlKeywordLogger</class>
  <method>logMessage</method>
  <thread>1</thread>
  <message>Run with &amp;apos;gmail_Login_Runner&amp;apos; was passed</message>
  <nestedLevel>1</nestedLevel>
</record>
<record>
  <date>2019-05-16T17:50:23</date>
  <millis>1558009223579</millis>
  <sequence>66</sequence>
  <level>END</level>
  <class>com.kms.katalon.core.logging.XmlKeywordLogger</class>
  <method>endKeyword</method>
  <thread>1</thread>
  <message>End action : runWithCucumberRunner(gmail_Login_Runner)</message>
  <nestedLevel>1</nestedLevel>
</record>
<record>
  <date>2019-05-16T17:50:23</date>
  <millis>1558009223580</millis>
  <sequence>67</sequence>
  <level>START</level>
  <class>com.kms.katalon.core.logging.XmlKeywordLogger</class>
  <method>startKeyword</method>
  <thread>1</thread>
  <message>Start action : profile_name = getExecutionProfile()</message>
  <nestedLevel>1</nestedLevel>
  <property name="startLine">27</property>
  <property name="stepIndex">2</property>
</record>
<record>
  <date>2019-05-16T17:50:23</date>
  <millis>1558009223581</millis>
  <sequence>68</sequence>
  <level>END</level>
  <class>com.kms.katalon.core.logging.XmlKeywordLogger</class>
  <method>endKeyword</method>
  <thread>1</thread>
  <message>End action : profile_name = getExecutionProfile()</message>
  <nestedLevel>1</nestedLevel>
</record>
<record>
  <date>2019-05-16T17:50:23</date>
  <millis>1558009223581</millis>
  <sequence>69</sequence>
  <level>START</level>
  <class>com.kms.katalon.core.logging.XmlKeywordLogger</class>
  <method>startKeyword</method>
  <thread>1</thread>
  <message>Start action : switch (profile_name)</message>
  <nestedLevel>1</nestedLevel>
  <property name="startLine">31</property>
  <property name="stepIndex">3</property>
</record>
<record>
  <date>2019-05-16T17:50:23</date>
  <millis>1558009223583</millis>
  <sequence>70</sequence>
  <level>START</level>
  <class>com.kms.katalon.core.logging.XmlKeywordLogger</class>
  <method>startKeyword</method>
  <thread>1</thread>
  <message>Start action : case \&amp;quot;Devtester\&amp;quot;:</message>
  <nestedLevel>2</nestedLevel>
  <property name="startLine">33</property>
  <property name="stepIndex">1</property>
</record>
<record>
  <date>2019-05-16T17:50:23</date>
  <millis>1558009223584</millis>
  <sequence>71</sequence>
  <level>START</level>
  <class>com.kms.katalon.core.logging.XmlKeywordLogger</class>
  <method>startKeyword</method>
  <thread>1</thread>
  <message>Start action : runWithCucumberRunner(gmail_Login_Runner)</message>
  <nestedLevel>3</nestedLevel>
  <property name="startLine">34</property>
  <property name="stepIndex">1</property>
</record>
<record>
  <date>2019-05-16T17:50:23</date>
  <millis>1558009223678</millis>
  <sequence>73</sequence>
  <level>WARNING</level>
  <class>com.kms.katalon.core.logging.XmlKeywordLogger</class>
  <method>logMessage</method>
  <thread>1</thread>
  <message>A browser is already opened. Closing browser and opening a new one</message>
  <nestedLevel>1</nestedLevel>
</record>
<record>
  <date>2019-05-16T17:50:24</date>
  <millis>1558009224652</millis>
  <sequence>74</sequence>
  <level>INFO</level>
  <class>com.kms.katalon.core.logging.XmlKeywordLogger</class>
  <method>logMessage</method>
  <thread>1</thread>
  <message>Starting &amp;apos;Chrome&amp;apos; driver</message>
  <nestedLevel>1</nestedLevel>
</record>
<record>
  <date>2019-05-16T17:50:27</date>
  <millis>1558009227259</millis>
  <sequence>76</sequence>
  <level>RUN_DATA</level>
  <class>com.kms.katalon.core.logging.XmlKeywordLogger</class>
  <method>logMessage</method>
  <thread>1</thread>
  <message>sessionId = 4b202c80c8a79b1b0b652fef889c4411</message>
  <nestedLevel>1</nestedLevel>
  <property name="sessionId">4b202c80c8a79b1b0b652fef889c4411</property>
</record>
<record>
  <date>2019-05-16T17:50:27</date>
  <millis>1558009227296</millis>
  <sequence>77</sequence>
  <level>RUN_DATA</level>
  <class>com.kms.katalon.core.logging.XmlKeywordLogger</class>
  <method>logMessage</method>
  <thread>1</thread>
  <message>browser = Chrome 74.0.3729.131</message>
  <nestedLevel>1</nestedLevel>
  <property name="browser">Chrome 74.0.3729.131</property>
</record>
<record>
  <date>2019-05-16T17:50:27</date>
  <millis>1558009227297</millis>
  <sequence>78</sequence>
  <level>RUN_DATA</level>
  <class>com.kms.katalon.core.logging.XmlKeywordLogger</class>
  <method>logMessage</method>
  <thread>1</thread>
  <message>platform = Windows 10</message>
  <nestedLevel>1</nestedLevel>
  <property name="platform">Windows 10</property>
</record>
<record>
  <date>2019-05-16T17:50:27</date>
  <millis>1558009227298</millis>
  <sequence>79</sequence>
  <level>RUN_DATA</level>
  <class>com.kms.katalon.core.logging.XmlKeywordLogger</class>
  <method>logMessage</method>
  <thread>1</thread>
  <message>seleniumVersion = 3.7.1</message>
  <nestedLevel>1</nestedLevel>
  <property name="seleniumVersion">3.7.1</property>
</record>
<record>
  <date>2019-05-16T17:50:27</date>
  <millis>1558009227299</millis>
  <sequence>80</sequence>
  <level>RUN_DATA</level>
  <class>com.kms.katalon.core.logging.XmlKeywordLogger</class>
  <method>logMessage</method>
  <thread>1</thread>
  <message>proxyInformation = ProxyInformation{proxyOption=NO_PROXY, proxyServerType=HTTP, password=, proxyServerAddress=, proxyServerPort=0}</message>
  <nestedLevel>1</nestedLevel>
  <property name="proxyInformation">ProxyInformation{proxyOption=NO_PROXY, proxyServerType=HTTP, password=, proxyServerAddress=, proxyServerPort=0}</property>
</record>
<record>
  <date>2019-05-16T17:50:27</date>
  <millis>1558009227300</millis>
  <sequence>81</sequence>
  <level>PASSED</level>
  <class>com.kms.katalon.core.logging.XmlKeywordLogger</class>
  <method>logMessage</method>
  <thread>1</thread>
  <message>Browser is opened with url: &amp;apos;&amp;apos;</message>
  <nestedLevel>1</nestedLevel>
</record>
<record>
  <date>2019-05-16T17:50:28</date>
  <millis>1558009228428</millis>
  <sequence>83</sequence>
  <level>PASSED</level>
  <class>com.kms.katalon.core.logging.XmlKeywordLogger</class>
  <method>logMessage</method>
  <thread>1</thread>
  <message>Current window maximized</message>
  <nestedLevel>1</nestedLevel>
</record>
<record>
  <date>2019-05-16T17:50:30</date>
  <millis>1558009230585</millis>
  <sequence>86</sequence>
  <level>PASSED</level>
  <class>com.kms.katalon.core.logging.XmlKeywordLogger</class>
  <method>logMessage</method>
  <thread>1</thread>
  <message>Navigate to &amp;apos;https://accounts.google.com/ServiceLogin#identifier&amp;apos; successfully</message>
  <nestedLevel>1</nestedLevel>
</record>
<record>
  <date>2019-05-16T17:50:32</date>
  <millis>1558009232591</millis>
  <sequence>88</sequence>
  <level>PASSED</level>
  <class>com.kms.katalon.core.logging.XmlKeywordLogger</class>
  <method>logMessage</method>
  <thread>1</thread>
  <message>Delayed 2 second(s)</message>
  <nestedLevel>1</nestedLevel>
</record>
<record>
  <date>2019-05-16T17:50:33</date>
  <millis>1558009233089</millis>
  <sequence>97</sequence>
  <level>PASSED</level>
  <class>com.kms.katalon.core.logging.XmlKeywordLogger</class>
  <method>logMessage</method>
  <thread>1</thread>
  <message>Text &amp;apos;testkatalon108@gmail.com&amp;apos; is set on object &amp;apos;Object Repository/Page_Sign in  Google accounts/input_userid&amp;apos;</message>
  <nestedLevel>1</nestedLevel>
</record>
<record>
  <date>2019-05-16T17:50:35</date>
  <millis>1558009235093</millis>
  <sequence>99</sequence>
  <level>PASSED</level>
  <class>com.kms.katalon.core.logging.XmlKeywordLogger</class>
  <method>logMessage</method>
  <thread>1</thread>
  <message>Delayed 2 second(s)</message>
  <nestedLevel>1</nestedLevel>
</record>
<record>
  <date>2019-05-16T17:50:35</date>
  <millis>1558009235560</millis>
  <sequence>106</sequence>
  <level>PASSED</level>
  <class>com.kms.katalon.core.logging.XmlKeywordLogger</class>
  <method>logMessage</method>
  <thread>1</thread>
  <message>Object: &amp;apos;Object Repository/Page_Sign in  Google accounts/content_Next_username&amp;apos; is clicked on</message>
  <nestedLevel>1</nestedLevel>
</record>
<record>
  <date>2019-05-16T17:50:37</date>
  <millis>1558009237563</millis>
  <sequence>108</sequence>
  <level>PASSED</level>
  <class>com.kms.katalon.core.logging.XmlKeywordLogger</class>
  <method>logMessage</method>
  <thread>1</thread>
  <message>Delayed 2 second(s)</message>
  <nestedLevel>1</nestedLevel>
</record>
<record>
  <date>2019-05-16T17:50:37</date>
  <millis>1558009237718</millis>
  <sequence>117</sequence>
  <level>PASSED</level>
  <class>com.kms.katalon.core.logging.XmlKeywordLogger</class>
  <method>logMessage</method>
  <thread>1</thread>
  <message>Text &amp;apos;Abcd@123&amp;apos; is set on object &amp;apos;Object Repository/Page_Sign in  Google accounts/input_password&amp;apos;</message>
  <nestedLevel>1</nestedLevel>
</record>
<record>
  <date>2019-05-16T17:50:39</date>
  <millis>1558009239722</millis>
  <sequence>119</sequence>
  <level>PASSED</level>
  <class>com.kms.katalon.core.logging.XmlKeywordLogger</class>
  <method>logMessage</method>
  <thread>1</thread>
  <message>Delayed 2 second(s)</message>
  <nestedLevel>1</nestedLevel>
</record>
<record>
  <date>2019-05-16T17:50:39</date>
  <millis>1558009239947</millis>
  <sequence>126</sequence>
  <level>PASSED</level>
  <class>com.kms.katalon.core.logging.XmlKeywordLogger</class>
  <method>logMessage</method>
  <thread>1</thread>
  <message>Object: &amp;apos;Object Repository/Page_Sign in  Google accounts/content_Next&amp;apos; is clicked on</message>
  <nestedLevel>1</nestedLevel>
</record>
<record>
  <date>2019-05-16T17:50:47</date>
  <millis>1558009247951</millis>
  <sequence>128</sequence>
  <level>PASSED</level>
  <class>com.kms.katalon.core.logging.XmlKeywordLogger</class>
  <method>logMessage</method>
  <thread>1</thread>
  <message>Delayed 8 second(s)</message>
  <nestedLevel>1</nestedLevel>
</record>
<record>
  <date>2019-05-16T17:50:47</date>
  <millis>1558009247958</millis>
  <sequence>129</sequence>
  <level>PASSED</level>
  <class>com.kms.katalon.core.logging.XmlKeywordLogger</class>
  <method>logMessage</method>
  <thread>1</thread>
  <message>Run with &amp;apos;gmail_Login_Runner&amp;apos; was passed</message>
  <nestedLevel>1</nestedLevel>
</record>
<record>
  <date>2019-05-16T17:50:47</date>
  <millis>1558009247958</millis>
  <sequence>130</sequence>
  <level>END</level>
  <class>com.kms.katalon.core.logging.XmlKeywordLogger</class>
  <method>endKeyword</method>
  <thread>1</thread>
  <message>End action : runWithCucumberRunner(gmail_Login_Runner)</message>
  <nestedLevel>3</nestedLevel>
</record>
<record>
  <date>2019-05-16T17:50:47</date>
  <millis>1558009247960</millis>
  <sequence>131</sequence>
  <level>START</level>
  <class>com.kms.katalon.core.logging.XmlKeywordLogger</class>
  <method>startKeyword</method>
  <thread>1</thread>
  <message>Start action : println(\&amp;quot;I entetered in 108 switch case\&amp;quot;)</message>
  <nestedLevel>3</nestedLevel>
  <property name="startLine">35</property>
  <property name="stepIndex">2</property>
</record>
<record>
  <date>2019-05-16T17:50:47</date>
  <millis>1558009247965</millis>
  <sequence>132</sequence>
  <level>END</level>
  <class>com.kms.katalon.core.logging.XmlKeywordLogger</class>
  <method>endKeyword</method>
  <thread>1</thread>
  <message>End action : println(\&amp;quot;I entetered in 108 switch case\&amp;quot;)</message>
  <nestedLevel>3</nestedLevel>
</record>
<record>
  <date>2019-05-16T17:50:47</date>
  <millis>1558009247966</millis>
  <sequence>133</sequence>
  <level>START</level>
  <class>com.kms.katalon.core.logging.XmlKeywordLogger</class>
  <method>startKeyword</method>
  <thread>1</thread>
  <message>Start action : break</message>
  <nestedLevel>3</nestedLevel>
  <property name="startLine">36</property>
  <property name="stepIndex">3</property>
</record>
<record>
  <date>2019-05-16T17:50:47</date>
  <millis>1558009247966</millis>
  <sequence>134</sequence>
  <level>END</level>
  <class>com.kms.katalon.core.logging.XmlKeywordLogger</class>
  <method>endKeyword</method>
  <thread>1</thread>
  <message>End action : break</message>
  <nestedLevel>3</nestedLevel>
</record>
<record>
  <date>2019-05-16T17:50:47</date>
  <millis>1558009247967</millis>
  <sequence>135</sequence>
  <level>END</level>
  <class>com.kms.katalon.core.logging.XmlKeywordLogger</class>
  <method>endKeyword</method>
  <thread>1</thread>
  <message>End action : case \&amp;quot;Devtester\&amp;quot;:</message>
  <nestedLevel>2</nestedLevel>
</record>
<record>
  <date>2019-05-16T17:50:47</date>
  <millis>1558009247967</millis>
  <sequence>136</sequence>
  <level>END</level>
  <class>com.kms.katalon.core.logging.XmlKeywordLogger</class>
  <method>endKeyword</method>
  <thread>1</thread>
  <message>End action : switch (profile_name)</message>
  <nestedLevel>1</nestedLevel>
</record>
<record>
  <date>2019-05-16T17:50:47</date>
  <millis>1558009247967</millis>
  <sequence>137</sequence>
  <level>PASSED</level>
  <class>com.kms.katalon.core.logging.XmlKeywordLogger</class>
  <method>logMessage</method>
  <thread>1</thread>
  <message>Test Cases/TC_gmail_login</message>
  <nestedLevel>1</nestedLevel>
</record>
<record>
  <date>2019-05-16T17:50:47</date>
  <millis>1558009247968</millis>
  <sequence>138</sequence>
  <level>START</level>
  <class>com.kms.katalon.core.logging.XmlKeywordLogger</class>
  <method>startKeyword</method>
  <thread>1</thread>
  <message>Start listener action : AfterScenario</message>
  <nestedLevel>1</nestedLevel>
</record>
<record>
  <date>2019-05-16T17:50:47</date>
  <millis>1558009247974</millis>
  <sequence>140</sequence>
  <level>START</level>
  <class>com.kms.katalon.core.logging.XmlKeywordLogger</class>
  <method>startKeyword</method>
  <thread>1</thread>
  <message>Start action : srt = context.getTestCaseVariables()</message>
  <nestedLevel>1</nestedLevel>
  <property name="startLine">55</property>
  <property name="stepIndex">1</property>
</record>
<record>
  <date>2019-05-16T17:50:47</date>
  <millis>1558009247979</millis>
  <sequence>141</sequence>
  <level>END</level>
  <class>com.kms.katalon.core.logging.XmlKeywordLogger</class>
  <method>endKeyword</method>
  <thread>1</thread>
  <message>End action : srt = context.getTestCaseVariables()</message>
  <nestedLevel>1</nestedLevel>
</record>
<record>
  <date>2019-05-16T17:50:47</date>
  <millis>1558009247979</millis>
  <sequence>142</sequence>
  <level>START</level>
  <class>com.kms.katalon.core.logging.XmlKeywordLogger</class>
  <method>startKeyword</method>
  <thread>1</thread>
  <message>Start action : println(srt.get(\&amp;quot;userName\&amp;quot;))</message>
  <nestedLevel>1</nestedLevel>
  <property name="startLine">56</property>
  <property name="stepIndex">2</property>
</record>
<record>
  <date>2019-05-16T17:50:47</date>
  <millis>1558009247987</millis>
  <sequence>143</sequence>
  <level>END</level>
  <class>com.kms.katalon.core.logging.XmlKeywordLogger</class>
  <method>endKeyword</method>
  <thread>1</thread>
  <message>End action : println(srt.get(\&amp;quot;userName\&amp;quot;))</message>
  <nestedLevel>1</nestedLevel>
</record>
<record>
  <date>2019-05-16T17:50:47</date>
  <millis>1558009247988</millis>
  <sequence>144</sequence>
  <level>START</level>
  <class>com.kms.katalon.core.logging.XmlKeywordLogger</class>
  <method>startKeyword</method>
  <thread>1</thread>
  <message>Start action : println(\&amp;quot;The above is variable name\&amp;quot;)</message>
  <nestedLevel>1</nestedLevel>
  <property name="startLine">57</property>
  <property name="stepIndex">3</property>
</record>
<record>
  <date>2019-05-16T17:50:47</date>
  <millis>1558009247988</millis>
  <sequence>145</sequence>
  <level>END</level>
  <class>com.kms.katalon.core.logging.XmlKeywordLogger</class>
  <method>endKeyword</method>
  <thread>1</thread>
  <message>End action : println(\&amp;quot;The above is variable name\&amp;quot;)</message>
  <nestedLevel>1</nestedLevel>
</record>
<record>
  <date>2019-05-16T17:50:47</date>
  <millis>1558009247989</millis>
  <sequence>146</sequence>
  <level>START</level>
  <class>com.kms.katalon.core.logging.XmlKeywordLogger</class>
  <method>startKeyword</method>
  <thread>1</thread>
  <message>Start action : println(userName)</message>
  <nestedLevel>1</nestedLevel>
  <property name="startLine">58</property>
  <property name="stepIndex">4</property>
</record>
<record>
  <date>2019-05-16T17:50:47</date>
  <millis>1558009247990</millis>
  <sequence>148</sequence>
  <level>END</level>
  <class>com.kms.katalon.core.logging.XmlKeywordLogger</class>
  <method>endKeyword</method>
  <thread>1</thread>
  <message>End action : println(userName)</message>
  <nestedLevel>1</nestedLevel>
</record>
<record>
  <date>2019-05-16T17:50:47</date>
  <millis>1558009247990</millis>
  <sequence>149</sequence>
  <level>END</level>
  <class>com.kms.katalon.core.logging.XmlKeywordLogger</class>
  <method>endKeyword</method>
  <thread>1</thread>
  <message>End listener action : AfterScenario</message>
  <nestedLevel>1</nestedLevel>
</record>
<record>
  <date>2019-05-16T17:50:47</date>
  <millis>1558009247990</millis>
  <sequence>150</sequence>
  <level>END</level>
  <class>com.kms.katalon.core.logging.XmlKeywordLogger</class>
  <method>endTest</method>
  <thread>1</thread>
  <message>End Test Case : Test Cases/TC_gmail_login</message>
  <nestedLevel>0</nestedLevel>
</record>
<record>
  <date>2019-05-16T17:50:47</date>
  <millis>1558009247993</millis>
  <sequence>151</sequence>
  <level>START</level>
  <class>com.kms.katalon.core.logging.XmlKeywordLogger</class>
  <method>startKeyword</method>
  <thread>1</thread>
  <message>Start listener action : sampleAfterTestCase</message>
  <nestedLevel>0</nestedLevel>
</record>
<record>
  <date>2019-05-16T17:50:47</date>
  <millis>1558009247993</millis>
  <sequence>153</sequence>
  <level>START</level>
  <class>com.kms.katalon.core.logging.XmlKeywordLogger</class>
  <method>startKeyword</method>
  <thread>1</thread>
  <message>Start action : println(\&amp;quot;###########################\&amp;quot; + testSuiteContext.getTestSuiteId())</message>
  <nestedLevel>1</nestedLevel>
  <property name="startLine">82</property>
  <property name="stepIndex">1</property>
</record>
<record>
  <date>2019-05-16T17:50:47</date>
  <millis>1558009247999</millis>
  <sequence>154</sequence>
  <level>END</level>
  <class>com.kms.katalon.core.logging.XmlKeywordLogger</class>
  <method>endKeyword</method>
  <thread>1</thread>
  <message>End action : println(\&amp;quot;###########################\&amp;quot; + testSuiteContext.getTestSuiteId())</message>
  <nestedLevel>1</nestedLevel>
</record>
<record>
  <date>2019-05-16T17:50:47</date>
  <millis>1558009247999</millis>
  <sequence>155</sequence>
  <level>START</level>
  <class>com.kms.katalon.core.logging.XmlKeywordLogger</class>
  <method>startKeyword</method>
  <thread>1</thread>
  <message>Start action : delay(15)</message>
  <nestedLevel>1</nestedLevel>
  <property name="startLine">84</property>
  <property name="stepIndex">2</property>
</record>
<record>
  <date>2019-05-16T17:51:03</date>
  <millis>1558009263002</millis>
  <sequence>157</sequence>
  <level>PASSED</level>
  <class>com.kms.katalon.core.logging.XmlKeywordLogger</class>
  <method>logMessage</method>
  <thread>1</thread>
  <message>Delayed 15 second(s)</message>
  <nestedLevel>0</nestedLevel>
</record>
<record>
  <date>2019-05-16T17:51:03</date>
  <millis>1558009263002</millis>
  <sequence>158</sequence>
  <level>END</level>
  <class>com.kms.katalon.core.logging.XmlKeywordLogger</class>
  <method>endKeyword</method>
  <thread>1</thread>
  <message>End action : delay(15)</message>
  <nestedLevel>1</nestedLevel>
</record>
<record>
  <date>2019-05-16T17:51:03</date>
  <millis>1558009263002</millis>
  <sequence>159</sequence>
  <level>START</level>
  <class>com.kms.katalon.core.logging.XmlKeywordLogger</class>
  <method>startKeyword</method>
  <thread>1</thread>
  <message>Start action : tsName = testSuiteContext.getTestSuiteId()</message>
  <nestedLevel>1</nestedLevel>
  <property name="startLine">85</property>
  <property name="stepIndex">3</property>
</record>
<record>
  <date>2019-05-16T17:51:03</date>
  <millis>1558009263003</millis>
  <sequence>160</sequence>
  <level>END</level>
  <class>com.kms.katalon.core.logging.XmlKeywordLogger</class>
  <method>endKeyword</method>
  <thread>1</thread>
  <message>End action : tsName = testSuiteContext.getTestSuiteId()</message>
  <nestedLevel>1</nestedLevel>
</record>
<record>
  <date>2019-05-16T17:51:03</date>
  <millis>1558009263004</millis>
  <sequence>161</sequence>
  <level>START</level>
  <class>com.kms.katalon.core.logging.XmlKeywordLogger</class>
  <method>startKeyword</method>
  <thread>1</thread>
  <message>Start action : start = tsName.lastIndexOf(\&amp;quot;/\&amp;quot;)</message>
  <nestedLevel>1</nestedLevel>
  <property name="startLine">86</property>
  <property name="stepIndex">4</property>
</record>
<record>
  <date>2019-05-16T17:51:03</date>
  <millis>1558009263007</millis>
  <sequence>162</sequence>
  <level>END</level>
  <class>com.kms.katalon.core.logging.XmlKeywordLogger</class>
  <method>endKeyword</method>
  <thread>1</thread>
  <message>End action : start = tsName.lastIndexOf(\&amp;quot;/\&amp;quot;)</message>
  <nestedLevel>1</nestedLevel>
</record>
<record>
  <date>2019-05-16T17:51:03</date>
  <millis>1558009263007</millis>
  <sequence>163</sequence>
  <level>START</level>
  <class>com.kms.katalon.core.logging.XmlKeywordLogger</class>
  <method>startKeyword</method>
  <thread>1</thread>
  <message>Start action : ReportName = tsName.substring(start + 1)</message>
  <nestedLevel>1</nestedLevel>
  <property name="startLine">87</property>
  <property name="stepIndex">5</property>
</record>
<record>
  <date>2019-05-16T17:51:03</date>
  <millis>1558009263010</millis>
  <sequence>164</sequence>
  <level>END</level>
  <class>com.kms.katalon.core.logging.XmlKeywordLogger</class>
  <method>endKeyword</method>
  <thread>1</thread>
  <message>End action : ReportName = tsName.substring(start + 1)</message>
  <nestedLevel>1</nestedLevel>
</record>
<record>
  <date>2019-05-16T17:51:03</date>
  <millis>1558009263010</millis>
  <sequence>165</sequence>
  <level>START</level>
  <class>com.kms.katalon.core.logging.XmlKeywordLogger</class>
  <method>startKeyword</method>
  <thread>1</thread>
  <message>Start action : println(\&amp;quot;Report Name :\&amp;quot; + ReportName)</message>
  <nestedLevel>1</nestedLevel>
  <property name="startLine">88</property>
  <property name="stepIndex">6</property>
</record>
<record>
  <date>2019-05-16T17:51:03</date>
  <millis>1558009263012</millis>
  <sequence>166</sequence>
  <level>END</level>
  <class>com.kms.katalon.core.logging.XmlKeywordLogger</class>
  <method>endKeyword</method>
  <thread>1</thread>
  <message>End action : println(\&amp;quot;Report Name :\&amp;quot; + ReportName)</message>
  <nestedLevel>1</nestedLevel>
</record>
<record>
  <date>2019-05-16T17:51:03</date>
  <millis>1558009263012</millis>
  <sequence>167</sequence>
  <level>START</level>
  <class>com.kms.katalon.core.logging.XmlKeywordLogger</class>
  <method>startKeyword</method>
  <thread>1</thread>
  <message>Start action : pathToFolder = getProjectDir() + \&amp;quot;/MyReports\&amp;quot;</message>
  <nestedLevel>1</nestedLevel>
  <property name="startLine">96</property>
  <property name="stepIndex">7</property>
</record>
<record>
  <date>2019-05-16T17:51:03</date>
  <millis>1558009263013</millis>
  <sequence>168</sequence>
  <level>END</level>
  <class>com.kms.katalon.core.logging.XmlKeywordLogger</class>
  <method>endKeyword</method>
  <thread>1</thread>
  <message>End action : pathToFolder = getProjectDir() + \&amp;quot;/MyReports\&amp;quot;</message>
  <nestedLevel>1</nestedLevel>
</record>
<record>
  <date>2019-05-16T17:51:03</date>
  <millis>1558009263014</millis>
  <sequence>169</sequence>
  <level>START</level>
  <class>com.kms.katalon.core.logging.XmlKeywordLogger</class>
  <method>startKeyword</method>
  <thread>1</thread>
  <message>Start action : arrList = new java.util.ArrayList()</message>
  <nestedLevel>1</nestedLevel>
  <property name="startLine">97</property>
  <property name="stepIndex">8</property>
</record>
<record>
  <date>2019-05-16T17:51:03</date>
  <millis>1558009263014</millis>
  <sequence>170</sequence>
  <level>END</level>
  <class>com.kms.katalon.core.logging.XmlKeywordLogger</class>
  <method>endKeyword</method>
  <thread>1</thread>
  <message>End action : arrList = new java.util.ArrayList()</message>
  <nestedLevel>1</nestedLevel>
</record>
<record>
  <date>2019-05-16T17:51:03</date>
  <millis>1558009263015</millis>
  <sequence>171</sequence>
  <level>START</level>
  <class>com.kms.katalon.core.logging.XmlKeywordLogger</class>
  <method>startKeyword</method>
  <thread>1</thread>
  <message>Start action : dir = new java.io.File(pathToFolder)</message>
  <nestedLevel>1</nestedLevel>
  <property name="startLine">99</property>
  <property name="stepIndex">9</property>
</record>
<record>
  <date>2019-05-16T17:51:03</date>
  <millis>1558009263019</millis>
  <sequence>172</sequence>
  <level>END</level>
  <class>com.kms.katalon.core.logging.XmlKeywordLogger</class>
  <method>endKeyword</method>
  <thread>1</thread>
  <message>End action : dir = new java.io.File(pathToFolder)</message>
  <nestedLevel>1</nestedLevel>
</record>
<record>
  <date>2019-05-16T17:51:03</date>
  <millis>1558009263020</millis>
  <sequence>173</sequence>
  <level>START</level>
  <class>com.kms.katalon.core.logging.XmlKeywordLogger</class>
  <method>startKeyword</method>
  <thread>1</thread>
  <message>Start action : dirContents = dir.listFiles()</message>
  <nestedLevel>1</nestedLevel>
  <property name="startLine">101</property>
  <property name="stepIndex">10</property>
</record>
<record>
  <date>2019-05-16T17:51:03</date>
  <millis>1558009263021</millis>
  <sequence>174</sequence>
  <level>END</level>
  <class>com.kms.katalon.core.logging.XmlKeywordLogger</class>
  <method>endKeyword</method>
  <thread>1</thread>
  <message>End action : dirContents = dir.listFiles()</message>
  <nestedLevel>1</nestedLevel>
</record>
<record>
  <date>2019-05-16T17:51:03</date>
  <millis>1558009263022</millis>
  <sequence>175</sequence>
  <level>START</level>
  <class>com.kms.katalon.core.logging.XmlKeywordLogger</class>
  <method>startKeyword</method>
  <thread>1</thread>
  <message>Start action : for (File jsonfname : dirContents)</message>
  <nestedLevel>1</nestedLevel>
  <property name="startLine">103</property>
  <property name="stepIndex">11</property>
</record>
<record>
  <date>2019-05-16T17:51:03</date>
  <millis>1558009263024</millis>
  <sequence>176</sequence>
  <level>START</level>
  <class>com.kms.katalon.core.logging.XmlKeywordLogger</class>
  <method>startKeyword</method>
  <thread>1</thread>
  <message>Start action : if (jsonfname.isFile() &amp;amp;&amp;amp; getFileName(jsonfname).indexOf(\&amp;quot;json\&amp;quot;) != -1)</message>
  <nestedLevel>2</nestedLevel>
  <property name="startLine">105</property>
  <property name="stepIndex">1</property>
</record>
<record>
  <date>2019-05-16T17:51:03</date>
  <millis>1558009263026</millis>
  <sequence>177</sequence>
  <level>END</level>
  <class>com.kms.katalon.core.logging.XmlKeywordLogger</class>
  <method>endKeyword</method>
  <thread>1</thread>
  <message>End action : if (jsonfname.isFile() &amp;amp;&amp;amp; getFileName(jsonfname).indexOf(\&amp;quot;json\&amp;quot;) != -1)</message>
  <nestedLevel>2</nestedLevel>
</record>
<record>
  <date>2019-05-16T17:51:03</date>
  <millis>1558009263026</millis>
  <sequence>178</sequence>
  <level>START</level>
  <class>com.kms.katalon.core.logging.XmlKeywordLogger</class>
  <method>startKeyword</method>
  <thread>1</thread>
  <message>Start action : if (jsonfname.isFile() &amp;amp;&amp;amp; getFileName(jsonfname).indexOf(\&amp;quot;json\&amp;quot;) != -1)</message>
  <nestedLevel>2</nestedLevel>
  <property name="startLine">105</property>
  <property name="stepIndex">1</property>
</record>
<record>
  <date>2019-05-16T17:51:03</date>
  <millis>1558009263037</millis>
  <sequence>179</sequence>
  <level>START</level>
  <class>com.kms.katalon.core.logging.XmlKeywordLogger</class>
  <method>startKeyword</method>
  <thread>1</thread>
  <message>Start action : arrList.add(jsonfname)</message>
  <nestedLevel>3</nestedLevel>
  <property name="startLine">106</property>
  <property name="stepIndex">1</property>
</record>
<record>
  <date>2019-05-16T17:51:03</date>
  <millis>1558009263038</millis>
  <sequence>180</sequence>
  <level>END</level>
  <class>com.kms.katalon.core.logging.XmlKeywordLogger</class>
  <method>endKeyword</method>
  <thread>1</thread>
  <message>End action : arrList.add(jsonfname)</message>
  <nestedLevel>3</nestedLevel>
</record>
<record>
  <date>2019-05-16T17:51:03</date>
  <millis>1558009263038</millis>
  <sequence>181</sequence>
  <level>END</level>
  <class>com.kms.katalon.core.logging.XmlKeywordLogger</class>
  <method>endKeyword</method>
  <thread>1</thread>
  <message>End action : if (jsonfname.isFile() &amp;amp;&amp;amp; getFileName(jsonfname).indexOf(\&amp;quot;json\&amp;quot;) != -1)</message>
  <nestedLevel>2</nestedLevel>
</record>
<record>
  <date>2019-05-16T17:51:03</date>
  <millis>1558009263044</millis>
  <sequence>182</sequence>
  <level>START</level>
  <class>com.kms.katalon.core.logging.XmlKeywordLogger</class>
  <method>startKeyword</method>
  <thread>1</thread>
  <message>Start action : if (jsonfname.isFile() &amp;amp;&amp;amp; getFileName(jsonfname).indexOf(\&amp;quot;json\&amp;quot;) != -1)</message>
  <nestedLevel>2</nestedLevel>
  <property name="startLine">105</property>
  <property name="stepIndex">1</property>
</record>
<record>
  <date>2019-05-16T17:51:03</date>
  <millis>1558009263045</millis>
  <sequence>183</sequence>
  <level>END</level>
  <class>com.kms.katalon.core.logging.XmlKeywordLogger</class>
  <method>endKeyword</method>
  <thread>1</thread>
  <message>End action : if (jsonfname.isFile() &amp;amp;&amp;amp; getFileName(jsonfname).indexOf(\&amp;quot;json\&amp;quot;) != -1)</message>
  <nestedLevel>2</nestedLevel>
</record>
<record>
  <date>2019-05-16T17:51:03</date>
  <millis>1558009263045</millis>
  <sequence>184</sequence>
  <level>START</level>
  <class>com.kms.katalon.core.logging.XmlKeywordLogger</class>
  <method>startKeyword</method>
  <thread>1</thread>
  <message>Start action : if (jsonfname.isFile() &amp;amp;&amp;amp; getFileName(jsonfname).indexOf(\&amp;quot;json\&amp;quot;) != -1)</message>
  <nestedLevel>2</nestedLevel>
  <property name="startLine">105</property>
  <property name="stepIndex">1</property>
</record>
<record>
  <date>2019-05-16T17:51:03</date>
  <millis>1558009263045</millis>
  <sequence>185</sequence>
  <level>END</level>
  <class>com.kms.katalon.core.logging.XmlKeywordLogger</class>
  <method>endKeyword</method>
  <thread>1</thread>
  <message>End action : if (jsonfname.isFile() &amp;amp;&amp;amp; getFileName(jsonfname).indexOf(\&amp;quot;json\&amp;quot;) != -1)</message>
  <nestedLevel>2</nestedLevel>
</record>
<record>
  <date>2019-05-16T17:51:03</date>
  <millis>1558009263045</millis>
  <sequence>186</sequence>
  <level>START</level>
  <class>com.kms.katalon.core.logging.XmlKeywordLogger</class>
  <method>startKeyword</method>
  <thread>1</thread>
  <message>Start action : if (jsonfname.isFile() &amp;amp;&amp;amp; getFileName(jsonfname).indexOf(\&amp;quot;json\&amp;quot;) != -1)</message>
  <nestedLevel>2</nestedLevel>
  <property name="startLine">105</property>
  <property name="stepIndex">1</property>
</record>
<record>
  <date>2019-05-16T17:51:03</date>
  <millis>1558009263046</millis>
  <sequence>187</sequence>
  <level>START</level>
  <class>com.kms.katalon.core.logging.XmlKeywordLogger</class>
  <method>startKeyword</method>
  <thread>1</thread>
  <message>Start action : arrList.add(jsonfname)</message>
  <nestedLevel>3</nestedLevel>
  <property name="startLine">106</property>
  <property name="stepIndex">1</property>
</record>
<record>
  <date>2019-05-16T17:51:03</date>
  <millis>1558009263046</millis>
  <sequence>188</sequence>
  <level>END</level>
  <class>com.kms.katalon.core.logging.XmlKeywordLogger</class>
  <method>endKeyword</method>
  <thread>1</thread>
  <message>End action : arrList.add(jsonfname)</message>
  <nestedLevel>3</nestedLevel>
</record>
<record>
  <date>2019-05-16T17:51:03</date>
  <millis>1558009263047</millis>
  <sequence>189</sequence>
  <level>END</level>
  <class>com.kms.katalon.core.logging.XmlKeywordLogger</class>
  <method>endKeyword</method>
  <thread>1</thread>
  <message>End action : if (jsonfname.isFile() &amp;amp;&amp;amp; getFileName(jsonfname).indexOf(\&amp;quot;json\&amp;quot;) != -1)</message>
  <nestedLevel>2</nestedLevel>
</record>
<record>
  <date>2019-05-16T17:51:03</date>
  <millis>1558009263047</millis>
  <sequence>190</sequence>
  <level>END</level>
  <class>com.kms.katalon.core.logging.XmlKeywordLogger</class>
  <method>endKeyword</method>
  <thread>1</thread>
  <message>End action : for (File jsonfname : dirContents)</message>
  <nestedLevel>1</nestedLevel>
</record>
<record>
  <date>2019-05-16T17:51:03</date>
  <millis>1558009263047</millis>
  <sequence>191</sequence>
  <level>START</level>
  <class>com.kms.katalon.core.logging.XmlKeywordLogger</class>
  <method>startKeyword</method>
  <thread>1</thread>
  <message>Start action : arrList = arrList.toArray([])</message>
  <nestedLevel>1</nestedLevel>
  <property name="startLine">111</property>
  <property name="stepIndex">12</property>
</record>
<record>
  <date>2019-05-16T17:51:03</date>
  <millis>1558009263049</millis>
  <sequence>192</sequence>
  <level>END</level>
  <class>com.kms.katalon.core.logging.XmlKeywordLogger</class>
  <method>endKeyword</method>
  <thread>1</thread>
  <message>End action : arrList = arrList.toArray([])</message>
  <nestedLevel>1</nestedLevel>
</record>
<record>
  <date>2019-05-16T17:51:03</date>
  <millis>1558009263050</millis>
  <sequence>193</sequence>
  <level>START</level>
  <class>com.kms.katalon.core.logging.XmlKeywordLogger</class>
  <method>startKeyword</method>
  <thread>1</thread>
  <message>Start action : println(\&amp;quot;arrList :\&amp;quot; + arrList)</message>
  <nestedLevel>1</nestedLevel>
  <property name="startLine">113</property>
  <property name="stepIndex">13</property>
</record>
<record>
  <date>2019-05-16T17:51:03</date>
  <millis>1558009263051</millis>
  <sequence>194</sequence>
  <level>END</level>
  <class>com.kms.katalon.core.logging.XmlKeywordLogger</class>
  <method>endKeyword</method>
  <thread>1</thread>
  <message>End action : println(\&amp;quot;arrList :\&amp;quot; + arrList)</message>
  <nestedLevel>1</nestedLevel>
</record>
<record>
  <date>2019-05-16T17:51:03</date>
  <millis>1558009263051</millis>
  <sequence>195</sequence>
  <level>START</level>
  <class>com.kms.katalon.core.logging.XmlKeywordLogger</class>
  <method>startKeyword</method>
  <thread>1</thread>
  <message>Start action : for ([i = 0, i &amp;lt; size, (i++)])</message>
  <nestedLevel>1</nestedLevel>
  <property name="startLine">114</property>
  <property name="stepIndex">14</property>
</record>
<record>
  <date>2019-05-16T17:51:03</date>
  <millis>1558009263052</millis>
  <sequence>196</sequence>
  <level>START</level>
  <class>com.kms.katalon.core.logging.XmlKeywordLogger</class>
  <method>startKeyword</method>
  <thread>1</thread>
  <message>Start action : println(\&amp;quot;arrList.size :\&amp;quot; + size)</message>
  <nestedLevel>2</nestedLevel>
  <property name="startLine">116</property>
  <property name="stepIndex">1</property>
</record>
<record>
  <date>2019-05-16T17:51:03</date>
  <millis>1558009263061</millis>
  <sequence>197</sequence>
  <level>END</level>
  <class>com.kms.katalon.core.logging.XmlKeywordLogger</class>
  <method>endKeyword</method>
  <thread>1</thread>
  <message>End action : println(\&amp;quot;arrList.size :\&amp;quot; + size)</message>
  <nestedLevel>2</nestedLevel>
</record>
<record>
  <date>2019-05-16T17:51:03</date>
  <millis>1558009263063</millis>
  <sequence>198</sequence>
  <level>START</level>
  <class>com.kms.katalon.core.logging.XmlKeywordLogger</class>
  <method>startKeyword</method>
  <thread>1</thread>
  <message>Start action : fpath = arrList[i]</message>
  <nestedLevel>2</nestedLevel>
  <property name="startLine">117</property>
  <property name="stepIndex">2</property>
</record>
<record>
  <date>2019-05-16T17:51:03</date>
  <millis>1558009263073</millis>
  <sequence>199</sequence>
  <level>END</level>
  <class>com.kms.katalon.core.logging.XmlKeywordLogger</class>
  <method>endKeyword</method>
  <thread>1</thread>
  <message>End action : fpath = arrList[i]</message>
  <nestedLevel>2</nestedLevel>
</record>
<record>
  <date>2019-05-16T17:51:03</date>
  <millis>1558009263074</millis>
  <sequence>200</sequence>
  <level>START</level>
  <class>com.kms.katalon.core.logging.XmlKeywordLogger</class>
  <method>startKeyword</method>
  <thread>1</thread>
  <message>Start action : println(\&amp;quot;fpath :\&amp;quot; + fpath)</message>
  <nestedLevel>2</nestedLevel>
  <property name="startLine">119</property>
  <property name="stepIndex">3</property>
</record>
<record>
  <date>2019-05-16T17:51:03</date>
  <millis>1558009263079</millis>
  <sequence>201</sequence>
  <level>END</level>
  <class>com.kms.katalon.core.logging.XmlKeywordLogger</class>
  <method>endKeyword</method>
  <thread>1</thread>
  <message>End action : println(\&amp;quot;fpath :\&amp;quot; + fpath)</message>
  <nestedLevel>2</nestedLevel>
</record>
<record>
  <date>2019-05-16T17:51:03</date>
  <millis>1558009263079</millis>
  <sequence>202</sequence>
  <level>START</level>
  <class>com.kms.katalon.core.logging.XmlKeywordLogger</class>
  <method>startKeyword</method>
  <thread>1</thread>
  <message>Start action : parser = new org.json.simple.parser.JSONParser()</message>
  <nestedLevel>2</nestedLevel>
  <property name="startLine">121</property>
  <property name="stepIndex">4</property>
</record>
<record>
  <date>2019-05-16T17:51:03</date>
  <millis>1558009263099</millis>
  <sequence>203</sequence>
  <level>END</level>
  <class>com.kms.katalon.core.logging.XmlKeywordLogger</class>
  <method>endKeyword</method>
  <thread>1</thread>
  <message>End action : parser = new org.json.simple.parser.JSONParser()</message>
  <nestedLevel>2</nestedLevel>
</record>
<record>
  <date>2019-05-16T17:51:03</date>
  <millis>1558009263100</millis>
  <sequence>204</sequence>
  <level>START</level>
  <class>com.kms.katalon.core.logging.XmlKeywordLogger</class>
  <method>startKeyword</method>
  <thread>1</thread>
  <message>Start action : obj = parser.parse(new java.io.FileReader(fpath))</message>
  <nestedLevel>2</nestedLevel>
  <property name="startLine">123</property>
  <property name="stepIndex">5</property>
</record>
<record>
  <date>2019-05-16T17:51:03</date>
  <millis>1558009263134</millis>
  <sequence>206</sequence>
  <level>ERROR</level>
  <class>com.kms.katalon.core.logging.XmlKeywordLogger</class>
  <method>logMessage</method>
  <thread>1</thread>
  <message>org.codehaus.groovy.runtime.InvokerInvocationException: Unexpected token RIGHT BRACE(}) at position 3417.</message>
  <nestedLevel>0</nestedLevel>
  <property name="failed.exception.class">org.json.simple.parser.ParseException</property>
  <property name="failed.exception.stacktrace">Unexpected token RIGHT BRACE(}) at position 3417.\r\n\tat org.json.simple.parser.JSONParser.parse(Unknown Source)\r\n\tat org.json.simple.parser.JSONParser.parse(Unknown Source)\r\n\tat org.json.simple.parser.JSONParser$parse.call(Unknown Source)\r\n\tat NewTestListener.sampleAfterTestCase(NewTestListener.groovy:123)\r\n\tat NewTestListener.invokeMethod(NewTestListener.groovy)\r\n\tat com.kms.katalon.core.context.internal.TestHooker.invokeMethod(TestHooker.java:109)\r\n\tat com.kms.katalon.core.context.internal.TestHooker.lambda$3(TestHooker.java:93)\r\n\tat com.kms.katalon.core.context.internal.TestHooker.invokeContextMethods(TestHooker.java:92)\r\n\tat com.kms.katalon.core.context.internal.TestListenerCollector.lambda$3(TestListenerCollector.java:86)\r\n\tat com.kms.katalon.core.context.internal.TestListenerCollector.handleListenerEvent(TestListenerCollector.java:83)\r\n\tat com.kms.katalon.core.context.internal.ExecutionEventManager.publicEvent(ExecutionEventManager.java:36)\r\n\tat com.kms.katalon.core.main.TestSuiteExecutor.execute(TestSuiteExecutor.java:91)\r\n\tat com.kms.katalon.core.main.TestCaseMain.startTestSuite(TestCaseMain.java:157)\r\n\tat com.kms.katalon.core.main.TestCaseMain$startTestSuite$0.call(Unknown Source)\r\n\tat TempTestSuite1558009188526.run(TempTestSuite1558009188526.groovy:35)\r\n</property>
  <property name="failed.exception.message">null</property>
</record>
<record>
  <date>2019-05-16T17:51:03</date>
  <millis>1558009263134</millis>
  <sequence>207</sequence>
  <level>END</level>
  <class>com.kms.katalon.core.logging.XmlKeywordLogger</class>
  <method>endKeyword</method>
  <thread>1</thread>
  <message>End action : obj = parser.parse(new java.io.FileReader(fpath))</message>
  <nestedLevel>2</nestedLevel>
</record>
<record>
  <date>2019-05-16T17:51:03</date>
  <millis>1558009263134</millis>
  <sequence>208</sequence>
  <level>END</level>
  <class>com.kms.katalon.core.logging.XmlKeywordLogger</class>
  <method>endKeyword</method>
  <thread>1</thread>
  <message>End action : for ([i = 0, i &amp;lt; size, (i++)])</message>
  <nestedLevel>1</nestedLevel>
</record>
<record>
  <date>2019-05-16T17:51:03</date>
  <millis>1558009263135</millis>
  <sequence>209</sequence>
  <level>END</level>
  <class>com.kms.katalon.core.logging.XmlKeywordLogger</class>
  <method>endKeyword</method>
  <thread>1</thread>
  <message>End listener action : sampleAfterTestCase</message>
  <nestedLevel>0</nestedLevel>
</record>
<record>
  <date>2019-05-16T17:51:03</date>
  <millis>1558009263135</millis>
  <sequence>210</sequence>
  <level>START</level>
  <class>com.kms.katalon.core.logging.XmlKeywordLogger</class>
  <method>startKeyword</method>
  <thread>1</thread>
  <message>Start listener action : exportKatalonReports</message>
  <nestedLevel>0</nestedLevel>
</record>
<record>
  <date>2019-05-16T17:51:03</date>
  <millis>1558009263367</millis>
  <sequence>470</sequence>
  <level>INFO</level>
  <class>com.kms.katalon.core.logging.XmlKeywordLogger</class>
  <method>logMessage</method>
  <thread>1</thread>
  <message>Start generating HTML report folder at: G:\\Katalon Repository\\gmail_login\\Reports\\GmailLogin\\20190516_174948...</message>
  <nestedLevel>0</nestedLevel>
</record>
<record>
  <date>2019-05-16T17:51:03</date>
  <millis>1558009263388</millis>
  <sequence>471</sequence>
  <level>INFO</level>
  <class>com.kms.katalon.core.logging.XmlKeywordLogger</class>
  <method>logMessage</method>
  <thread>1</thread>
  <message>HTML report generated</message>
  <nestedLevel>0</nestedLevel>
</record>
<record>
  <date>2019-05-16T17:51:03</date>
  <millis>1558009263389</millis>
  <sequence>472</sequence>
  <level>INFO</level>
  <class>com.kms.katalon.core.logging.XmlKeywordLogger</class>
  <method>logMessage</method>
  <thread>1</thread>
  <message>Start generating CSV report folder at: G:\\Katalon Repository\\gmail_login\\Reports\\GmailLogin\\20190516_174948...</message>
  <nestedLevel>0</nestedLevel>
</record>
<record>
  <date>2019-05-16T17:51:03</date>
  <millis>1558009263411</millis>
  <sequence>473</sequence>
  <level>INFO</level>
  <class>com.kms.katalon.core.logging.XmlKeywordLogger</class>
  <method>logMessage</method>
  <thread>1</thread>
  <message>CSV report generated</message>
  <nestedLevel>0</nestedLevel>
</record>
<record>
  <date>2019-05-16T17:51:03</date>
  <millis>1558009263412</millis>
  <sequence>474</sequence>
  <level>INFO</level>
  <class>com.kms.katalon.core.logging.XmlKeywordLogger</class>
  <method>logMessage</method>
  <thread>1</thread>
  <message>Start generating JUnit report folder at: G:\\Katalon Repository\\gmail_login\\Reports\\GmailLogin\\20190516_174948...</message>
  <nestedLevel>0</nestedLevel>
</record>
<record>
  <date>2019-05-16T17:51:03</date>
  <millis>1558009263841</millis>
  <sequence>475</sequence>
  <level>INFO</level>
  <class>com.kms.katalon.core.logging.XmlKeywordLogger</class>
  <method>logMessage</method>
  <thread>1</thread>
  <message>JUnit report generated</message>
  <nestedLevel>0</nestedLevel>
</record>
<record>
  <date>2019-05-16T17:51:03</date>
  <millis>1558009263841</millis>
  <sequence>477</sequence>
  <level>END</level>
  <class>com.kms.katalon.core.logging.XmlKeywordLogger</class>
  <method>endKeyword</method>
  <thread>1</thread>
  <message>End listener action : exportKatalonReports</message>
  <nestedLevel>0</nestedLevel>
</record>
<record>
  <date>2019-05-16T17:51:05</date>
  <millis>1558009265131</millis>
  <sequence>478</sequence>
  <level>END</level>
  <class>com.kms.katalon.core.logging.XmlKeywordLogger</class>
  <method>endSuite</method>
  <thread>1</thread>
  <message>End Test Suite : Test Suites/GmailLogin</message>
  <nestedLevel>0</nestedLevel>
</record>
</log>